c:\temp\missile launcher\missile launcher\debug\vc141.pdb
c:\temp\missile launcher\missile launcher\debug\vc141.idb
c:\temp\missile launcher\missile launcher\debug\window.obj
c:\temp\missile launcher\missile launcher\debug\sun.obj
c:\temp\missile launcher\missile launcher\debug\shape.obj
c:\temp\missile launcher\missile launcher\debug\rocket.obj
c:\temp\missile launcher\missile launcher\debug\moon.obj
c:\temp\missile launcher\missile launcher\debug\launcher.obj
c:\temp\missile launcher\missile launcher\debug\ddstextureloader.obj
c:\temp\missile launcher\missile launcher\debug\camera.obj
c:\temp\missile launcher\missile launcher\debug\terrain.obj
c:\temp\missile launcher\missile launcher\debug\sky.obj
c:\temp\missile launcher\missile launcher\debug\renderer.obj
c:\temp\missile launcher\missile launcher\debug\cube.obj
c:\temp\missile launcher\missile launcher\debug\main.obj
c:\temp\missile launcher\debug\cubepixelshader.cso
c:\temp\missile launcher\debug\cubevertexshader.cso
c:\temp\missile launcher\debug\launcherpixelshader.cso
c:\temp\missile launcher\debug\launchervertexshader.cso
c:\temp\missile launcher\debug\moonpixelshader.cso
c:\temp\missile launcher\debug\moonvertexshader.cso
c:\temp\missile launcher\debug\rocketpixelshader.cso
c:\temp\missile launcher\debug\rocketvertexshader.cso
c:\temp\missile launcher\debug\skymappixelshader.cso
c:\temp\missile launcher\debug\skymapvertexshader.cso
c:\temp\missile launcher\debug\sunpixelshader.cso
c:\temp\missile launcher\debug\sunvertexshader.cso
c:\temp\missile launcher\debug\missile launcher.ilk
c:\temp\missile launcher\debug\missile launcher.exe
c:\temp\missile launcher\debug\missile launcher.pdb
c:\temp\missile launcher\missile launcher\debug\missile launcher.tlog\cl.command.1.tlog
c:\temp\missile launcher\missile launcher\debug\missile launcher.tlog\cl.read.1.tlog
c:\temp\missile launcher\missile launcher\debug\missile launcher.tlog\cl.write.1.tlog
c:\temp\missile launcher\missile launcher\debug\missile launcher.tlog\fxc.command.1.tlog
c:\temp\missile launcher\missile launcher\debug\missile launcher.tlog\fxc.read.1.tlog
c:\temp\missile launcher\missile launcher\debug\missile launcher.tlog\fxc.write.1.tlog
c:\temp\missile launcher\missile launcher\debug\missile launcher.tlog\link.command.1.tlog
c:\temp\missile launcher\missile launcher\debug\missile launcher.tlog\link.read.1.tlog
c:\temp\missile launcher\missile launcher\debug\missile launcher.tlog\link.write.1.tlog
